{"/Users/jmc/Codes/library/testing/jest-practice/countryExtractor.js": {"path":"/Users/jmc/Codes/library/testing/jest-practice/countryExtractor.js","statementMap":{"0":{"start":{"line":1,"column":25},"end":{"line":1,"column":64}},"1":{"start":{"line":1,"column":35},"end":{"line":1,"column":64}},"2":{"start":{"line":1,"column":54},"end":{"line":1,"column":63}},"3":{"start":{"line":3,"column":0},"end":{"line":3,"column":33}}},"fnMap":{"0":{"name":"(anonymous_0)","decl":{"start":{"line":1,"column":25},"end":{"line":1,"column":26}},"loc":{"start":{"line":1,"column":35},"end":{"line":1,"column":64}},"line":1},"1":{"name":"(anonymous_1)","decl":{"start":{"line":1,"column":44},"end":{"line":1,"column":45}},"loc":{"start":{"line":1,"column":54},"end":{"line":1,"column":63}},"line":1}},"branchMap":{},"s":{"0":1,"1":1,"2":3,"3":1},"f":{"0":1,"1":3},"b":{},"_coverageSchema":"1a1c01bbd47fc00a2c39e90264f33305004495a9","hash":"e1c641944ab3b8bcf6b31e3358353e94258c74d1"}
,"/Users/jmc/Codes/library/testing/jest-practice/sum.js": {"path":"/Users/jmc/Codes/library/testing/jest-practice/sum.js","statementMap":{"0":{"start":{"line":2,"column":2},"end":{"line":2,"column":15}},"1":{"start":{"line":5,"column":0},"end":{"line":5,"column":21}}},"fnMap":{"0":{"name":"sum","decl":{"start":{"line":1,"column":9},"end":{"line":1,"column":12}},"loc":{"start":{"line":1,"column":19},"end":{"line":3,"column":1}},"line":1}},"branchMap":{},"s":{"0":1,"1":1},"f":{"0":1},"b":{},"_coverageSchema":"1a1c01bbd47fc00a2c39e90264f33305004495a9","hash":"4ce9a04791720a44fac44a598d3737c250d7ba56"}
}
